Determining if the pthread_create exist failed with the following output:
Change Dir: /home/tslilyai/Documents/Research/sto/libcds-release/CMakeFiles/CMakeTmp

Run Build Command:/usr/bin/make "cmTryCompileExec554935235/fast"
/usr/bin/make -f CMakeFiles/cmTryCompileExec554935235.dir/build.make CMakeFiles/cmTryCompileExec554935235.dir/build
make[1]: Entering directory `/home/tslilyai/Dropbox/Documents/Harvard/Research/sto/libcds-release/CMakeFiles/CMakeTmp'
/usr/bin/cmake -E cmake_progress_report /home/tslilyai/Documents/Research/sto/libcds-release/CMakeFiles/CMakeTmp/CMakeFiles 1
Building C object CMakeFiles/cmTryCompileExec554935235.dir/CheckSymbolExists.c.o
/usr/bin/cc   -Wall -std=c99     -o CMakeFiles/cmTryCompileExec554935235.dir/CheckSymbolExists.c.o   -c /home/tslilyai/Documents/Research/sto/libcds-release/CMakeFiles/CMakeTmp/CheckSymbolExists.c
Linking C executable cmTryCompileExec554935235
/usr/bin/cmake -E cmake_link_script CMakeFiles/cmTryCompileExec554935235.dir/link.txt --verbose=1
/usr/bin/cc   -Wall -std=c99      CMakeFiles/cmTryCompileExec554935235.dir/CheckSymbolExists.c.o  -o cmTryCompileExec554935235 -rdynamic 
CMakeFiles/cmTryCompileExec554935235.dir/CheckSymbolExists.c.o: In function `main':
CheckSymbolExists.c:(.text+0x16): undefined reference to `pthread_create'
collect2: error: ld returned 1 exit status
make[1]: *** [cmTryCompileExec554935235] Error 1
make[1]: Leaving directory `/home/tslilyai/Dropbox/Documents/Harvard/Research/sto/libcds-release/CMakeFiles/CMakeTmp'
make: *** [cmTryCompileExec554935235/fast] Error 2

File /home/tslilyai/Documents/Research/sto/libcds-release/CMakeFiles/CMakeTmp/CheckSymbolExists.c:
/* */
#include <pthread.h>

int main(int argc, char** argv)
{
  (void)argv;
#ifndef pthread_create
  return ((int*)(&pthread_create))[argc];
#else
  (void)argc;
  return 0;
#endif
}

Determining if the function pthread_create exists in the pthreads failed with the following output:
Change Dir: /home/tslilyai/Documents/Research/sto/libcds-release/CMakeFiles/CMakeTmp

Run Build Command:/usr/bin/make "cmTryCompileExec3595046336/fast"
/usr/bin/make -f CMakeFiles/cmTryCompileExec3595046336.dir/build.make CMakeFiles/cmTryCompileExec3595046336.dir/build
make[1]: Entering directory `/home/tslilyai/Dropbox/Documents/Harvard/Research/sto/libcds-release/CMakeFiles/CMakeTmp'
/usr/bin/cmake -E cmake_progress_report /home/tslilyai/Documents/Research/sto/libcds-release/CMakeFiles/CMakeTmp/CMakeFiles 1
Building C object CMakeFiles/cmTryCompileExec3595046336.dir/CheckFunctionExists.c.o
/usr/bin/cc   -Wall -std=c99  -DCHECK_FUNCTION_EXISTS=pthread_create   -o CMakeFiles/cmTryCompileExec3595046336.dir/CheckFunctionExists.c.o   -c /usr/share/cmake-2.8/Modules/CheckFunctionExists.c
Linking C executable cmTryCompileExec3595046336
/usr/bin/cmake -E cmake_link_script CMakeFiles/cmTryCompileExec3595046336.dir/link.txt --verbose=1
/usr/bin/cc   -Wall -std=c99  -DCHECK_FUNCTION_EXISTS=pthread_create    CMakeFiles/cmTryCompileExec3595046336.dir/CheckFunctionExists.c.o  -o cmTryCompileExec3595046336 -rdynamic -lpthreads 
/usr/bin/ld: cannot find -lpthreads
collect2: error: ld returned 1 exit status
make[1]: Leaving directory `/home/tslilyai/Dropbox/Documents/Harvard/Research/sto/libcds-release/CMakeFiles/CMakeTmp'
make[1]: *** [cmTryCompileExec3595046336] Error 1
make: *** [cmTryCompileExec3595046336/fast] Error 2


